
Mudanças iniciaram em 2019-05-06 09:57:40.118027.
Valor original: None.
Valor final: {'id': 28, 'nome': 'lucas'}.
Mudanças finalizaram em 2019-05-06 09:57:40.118027.

Mudanças iniciaram em 2019-05-06 09:57:42.195157.
Valor original: None.
Valor final: {'carga_horaria': 1500, 'coodernador': None, 'id': 99, 'nome': 'distemas distribuidos', 'plano_ensino': 'json ou johnson?', 'status': 11}.
Mudanças finalizaram em 2019-05-06 09:57:42.195157.

Mudanças iniciaram em 2019-05-06 09:57:44.263518.
Valor original: None.
Valor final: {'ano': 2010, 'coodernador': None, 'curso': None, 'data': '2010-04-20', 'disciplina': None, 'id': 110, 'professor': None, 'semestre': 1, 'turma': 'ADS2'}.
Mudanças finalizaram em 2019-05-06 09:57:44.263518.

Mudanças iniciaram em 2019-05-07 15:42:47.328532.
Valor original: None.
Valor final: {'id': 1, 'nome': 'fernando'}.
Mudanças finalizaram em 2019-05-07 15:42:47.737703.

Mudanças iniciaram em 2019-05-07 15:42:48.819123.
Valor original: None.
Valor final: {'id': 2, 'nome': 'roberto'}.
Mudanças finalizaram em 2019-05-07 15:42:49.094793.

Mudanças iniciaram em 2019-05-07 16:33:21.306853.
Valor original: None.
Valor final: {'id': 20, 'nome': 'mario'}.
Mudanças finalizaram em 2019-05-07 16:33:21.423559.

Mudanças iniciaram em 2019-05-07 16:34:08.254769.
Valor original: None.
Valor final: {'id': 29, 'nome': 'cicero'}.
Mudanças finalizaram em 2019-05-07 16:34:08.364147.

Mudanças iniciaram em 2019-05-07 16:34:47.249540.
Valor original: None.
Valor final: {'id': 29, 'nome': 'cicero'}.
Mudanças finalizaram em 2019-05-07 16:34:47.361962.

Mudanças iniciaram em 2019-05-07 16:34:48.418371.
Valor original: None.
Valor final: {'id': 28, 'nome': 'lucas'}.
Mudanças finalizaram em 2019-05-07 16:34:48.739691.

Mudanças iniciaram em 2019-05-07 16:39:09.803295.
Valor original: None.
Valor final: {'id': 1, 'nome': 'fernando'}.
Mudanças finalizaram em 2019-05-07 16:39:09.961299.

Mudanças iniciaram em 2019-05-07 16:39:11.001325.
Valor original: None.
Valor final: {'id': 2, 'nome': 'roberto'}.
Mudanças finalizaram em 2019-05-07 16:39:11.126348.

Mudanças iniciaram em 2019-05-07 16:39:13.202985.
Valor original: None.
Valor final: {'id': 20, 'nome': 'mario'}.
Mudanças finalizaram em 2019-05-07 16:39:13.282858.

Mudanças iniciaram em 2019-05-07 16:39:20.776476.
Valor original: None.
Valor final: {'id': 29, 'nome': 'cicero'}.
Mudanças finalizaram em 2019-05-07 16:39:20.948912.

Mudanças iniciaram em 2019-05-07 16:39:21.993199.
Valor original: None.
Valor final: {'id': 28, 'nome': 'lucas'}.
Mudanças finalizaram em 2019-05-07 16:39:22.100602.

Mudanças iniciaram em 2019-05-07 16:39:24.154223.
Valor original: {'id': 28, 'nome': 'lucas'}.
Valor final: {'id': 28, 'nome': 'lucas'}.
Mudanças finalizaram em 2019-05-07 16:39:24.179745.

Mudanças iniciaram em 2019-05-07 16:42:36.792866.
Valor original: None.
Valor final: {'id': 1, 'nome': 'fernando'}.
Mudanças finalizaram em 2019-05-07 16:42:36.944761.

Mudanças iniciaram em 2019-05-07 16:42:37.985749.
Valor original: None.
Valor final: {'id': 2, 'nome': 'roberto'}.
Mudanças finalizaram em 2019-05-07 16:42:38.063874.

Mudanças iniciaram em 2019-05-07 16:42:40.186702.
Valor original: None.
Valor final: {'id': 20, 'nome': 'mario'}.
Mudanças finalizaram em 2019-05-07 16:42:40.280619.

Mudanças iniciaram em 2019-05-07 16:42:47.885502.
Valor original: None.
Valor final: {'id': 29, 'nome': 'cicero'}.
Mudanças finalizaram em 2019-05-07 16:42:47.992729.

Mudanças iniciaram em 2019-05-07 16:42:49.056725.
Valor original: None.
Valor final: {'id': 28, 'nome': 'lucas'}.
Mudanças finalizaram em 2019-05-07 16:42:49.166099.

Mudanças iniciaram em 2019-05-07 16:42:51.255104.
Valor original: {'id': 28, 'nome': 'lucas'}.
Valor final: {'id': 28, 'nome': 'lucas'}.
Mudanças finalizaram em 2019-05-07 16:42:51.333252.

Mudanças iniciaram em 2019-05-07 16:42:54.562215.
Valor original: None.
Valor final: {'id': 28, 'nome': 'lucas'}.
Mudanças finalizaram em 2019-05-07 16:42:54.675330.

Mudanças iniciaram em 2019-05-07 16:50:14.945574.
Valor original: None.
Valor final: {'id': 1, 'nome': 'fernando'}.
Mudanças finalizaram em 2019-05-07 16:50:15.044625.

Mudanças iniciaram em 2019-05-07 16:50:16.099820.
Valor original: None.
Valor final: {'id': 2, 'nome': 'roberto'}.
Mudanças finalizaram em 2019-05-07 16:50:16.198848.

Mudanças iniciaram em 2019-05-07 16:50:18.269896.
Valor original: None.
Valor final: {'id': 20, 'nome': 'mario'}.
Mudanças finalizaram em 2019-05-07 16:50:18.363639.

Mudanças iniciaram em 2019-05-07 16:50:20.459543.
Valor original: None.
Valor final: {'id': 29, 'nome': 'cicero'}.
Mudanças finalizaram em 2019-05-07 16:50:20.584973.

Mudanças iniciaram em 2019-05-07 16:50:25.972801.
Valor original: None.
Valor final: {'id': 29, 'nome': 'cicero'}.
Mudanças finalizaram em 2019-05-07 16:50:26.079191.

Mudanças iniciaram em 2019-05-07 16:50:27.157234.
Valor original: None.
Valor final: {'id': 28, 'nome': 'lucas'}.
Mudanças finalizaram em 2019-05-07 16:50:27.251006.

Mudanças iniciaram em 2019-05-07 16:50:29.373734.
Valor original: {'id': 28, 'nome': 'lucas'}.
Valor final: {'id': 28, 'nome': 'lucas'}.
Mudanças finalizaram em 2019-05-07 16:50:29.449650.

Mudanças iniciaram em 2019-05-07 16:50:32.709500.
Valor original: None.
Valor final: {'id': 28, 'nome': 'lucas'}.
Mudanças finalizaram em 2019-05-07 16:50:32.833707.

Mudanças iniciaram em 2019-05-07 16:52:21.579690.
Valor original: None.
Valor final: {'id': 1, 'nome': 'fernando'}.
Mudanças finalizaram em 2019-05-07 16:52:21.657804.

Mudanças iniciaram em 2019-05-07 16:52:22.710861.
Valor original: None.
Valor final: {'id': 2, 'nome': 'roberto'}.
Mudanças finalizaram em 2019-05-07 16:52:22.807614.

Mudanças iniciaram em 2019-05-07 16:52:24.936729.
Valor original: None.
Valor final: {'id': 20, 'nome': 'mario'}.
Mudanças finalizaram em 2019-05-07 16:52:25.037512.

Mudanças iniciaram em 2019-05-07 16:52:27.133833.
Valor original: None.
Valor final: {'id': 29, 'nome': 'cicero'}.
Mudanças finalizaram em 2019-05-07 16:52:27.258827.

Mudanças iniciaram em 2019-05-07 16:52:32.685252.
Valor original: None.
Valor final: {'id': 29, 'nome': 'cicero'}.
Mudanças finalizaram em 2019-05-07 16:52:32.804586.

Mudanças iniciaram em 2019-05-07 16:52:33.865679.
Valor original: None.
Valor final: {'id': 28, 'nome': 'lucas'}.
Mudanças finalizaram em 2019-05-07 16:52:33.959455.

Mudanças iniciaram em 2019-05-07 16:52:36.054108.
Valor original: {'id': 28, 'nome': 'lucas'}.
Valor final: {'id': 28, 'nome': 'lucas'}.
Mudanças finalizaram em 2019-05-07 16:52:36.157446.

Mudanças iniciaram em 2019-05-07 16:52:39.382976.
Valor original: None.
Valor final: {'id': 28, 'nome': 'lucas'}.
Mudanças finalizaram em 2019-05-07 16:52:39.495866.

Mudanças iniciaram em 2019-05-07 16:53:27.210842.
Valor original: None.
Valor final: {'id': 1, 'nome': 'fernando'}.
Mudanças finalizaram em 2019-05-07 16:53:27.320195.

Mudanças iniciaram em 2019-05-07 16:53:28.391587.
Valor original: None.
Valor final: {'id': 2, 'nome': 'roberto'}.
Mudanças finalizaram em 2019-05-07 16:53:28.485334.

Mudanças iniciaram em 2019-05-07 16:53:30.592168.
Valor original: None.
Valor final: {'id': 20, 'nome': 'mario'}.
Mudanças finalizaram em 2019-05-07 16:53:30.748417.

Mudanças iniciaram em 2019-05-07 16:53:32.838648.
Valor original: None.
Valor final: {'id': 29, 'nome': 'cicero'}.
Mudanças finalizaram em 2019-05-07 16:53:32.958601.

Mudanças iniciaram em 2019-05-07 16:53:38.413328.
Valor original: None.
Valor final: {'id': 29, 'nome': 'cicero'}.
Mudanças finalizaram em 2019-05-07 16:53:38.522717.

Mudanças iniciaram em 2019-05-07 16:53:39.618274.
Valor original: None.
Valor final: {'id': 28, 'nome': 'lucas'}.
Mudanças finalizaram em 2019-05-07 16:53:39.723155.

Mudanças iniciaram em 2019-05-07 16:53:41.823437.
Valor original: {'id': 28, 'nome': 'lucas'}.
Valor final: {'id': 28, 'nome': 'lucas'}.
Mudanças finalizaram em 2019-05-07 16:53:41.932780.

Mudanças iniciaram em 2019-05-07 16:53:45.182661.
Valor original: None.
Valor final: {'id': 28, 'nome': 'lucas'}.
Mudanças finalizaram em 2019-05-07 16:53:45.284667.

Mudanças iniciaram em 2019-05-07 16:54:48.474286.
Valor original: None.
Valor final: {'id': 1, 'nome': 'fernando'}.
Mudanças finalizaram em 2019-05-07 16:54:48.552416.

Mudanças iniciaram em 2019-05-07 16:54:49.620845.
Valor original: None.
Valor final: {'id': 2, 'nome': 'roberto'}.
Mudanças finalizaram em 2019-05-07 16:54:49.714578.

Mudanças iniciaram em 2019-05-07 16:54:51.778689.
Valor original: None.
Valor final: {'id': 20, 'nome': 'mario'}.
Mudanças finalizaram em 2019-05-07 16:54:51.869383.

Mudanças iniciaram em 2019-05-07 16:54:53.982882.
Valor original: None.
Valor final: {'id': 29, 'nome': 'cicero'}.
Mudanças finalizaram em 2019-05-07 16:54:54.075106.

Mudanças iniciaram em 2019-05-07 16:54:59.501933.
Valor original: None.
Valor final: {'id': 29, 'nome': 'cicero'}.
Mudanças finalizaram em 2019-05-07 16:54:59.580044.

Mudanças iniciaram em 2019-05-07 16:55:00.634196.
Valor original: None.
Valor final: {'id': 28, 'nome': 'lucas'}.
Mudanças finalizaram em 2019-05-07 16:55:00.727966.

Mudanças iniciaram em 2019-05-07 16:55:02.782350.
Valor original: {'id': 28, 'nome': 'lucas'}.
Valor final: {'id': 28, 'nome': 'lucas'}.
Mudanças finalizaram em 2019-05-07 16:55:02.898467.

Mudanças iniciaram em 2019-05-07 16:55:06.105917.
Valor original: None.
Valor final: {'id': 28, 'nome': 'lucas'}.
Mudanças finalizaram em 2019-05-07 16:55:06.199681.

Mudanças iniciaram em 2019-05-07 16:55:08.257807.
Valor original: {'id': 28, 'nome': 'lucas'}.
Valor final: {'id': 28, 'nome': 'lucas'}.
Mudanças finalizaram em 2019-05-07 16:55:08.367197.

Mudanças iniciaram em 2019-05-07 16:55:15.874888.
Valor original: None.
Valor final: {'id': 7, 'nome': 'bond'}.
Mudanças finalizaram em 2019-05-07 16:55:15.984254.

Mudanças iniciaram em 2019-05-07 16:55:20.281825.
Valor original: None.
Valor final: {'id': 7, 'nome': 'maximus'}.
Mudanças finalizaram em 2019-05-07 16:55:20.415042.

Mudanças iniciaram em 2019-05-07 16:55:24.663124.
Valor original: None.
Valor final: {'id': 1, 'nome': 'fernando'}.
Mudanças finalizaram em 2019-05-07 16:55:24.741256.

Mudanças iniciaram em 2019-05-07 16:55:25.803728.
Valor original: None.
Valor final: {'id': 2, 'nome': 'roberto'}.
Mudanças finalizaram em 2019-05-07 16:55:25.920962.

Mudanças iniciaram em 2019-05-07 16:55:29.026778.
Valor original: None.
Valor final: {'id': 1, 'nome': 'fernando'}.
Mudanças finalizaram em 2019-05-07 16:55:29.026778.

Mudanças iniciaram em 2019-05-07 16:55:30.090221.
Valor original: None.
Valor final: {'id': 2, 'nome': 'roberto'}.
Mudanças finalizaram em 2019-05-07 16:55:30.094731.

Mudanças iniciaram em 2019-05-07 16:55:32.183561.
Valor original: None.
Valor final: {'id': 20, 'nome': 'mario'}.
Mudanças finalizaram em 2019-05-07 16:55:32.185559.

Mudanças iniciaram em 2019-05-07 16:59:39.506040.
Valor original: None.
Valor final: {'id': 20, 'nome': 'mario'}.
Mudanças finalizaram em 2019-05-07 16:59:39.615412.

Mudanças iniciaram em 2019-05-07 16:59:41.705528.
Valor original: None.
Valor final: {'id': 29, 'nome': 'cicero'}.
Mudanças finalizaram em 2019-05-07 16:59:41.873903.

Mudanças iniciaram em 2019-05-07 16:59:47.461759.
Valor original: None.
Valor final: {'id': 29, 'nome': 'cicero'}.
Mudanças finalizaram em 2019-05-07 16:59:47.582507.

Mudanças iniciaram em 2019-05-07 16:59:48.645073.
Valor original: None.
Valor final: {'id': 28, 'nome': 'lucas'}.
Mudanças finalizaram em 2019-05-07 16:59:48.809140.

Mudanças iniciaram em 2019-05-07 16:59:50.887123.
Valor original: {'id': 28, 'nome': 'lucas'}.
Valor final: {'id': 28, 'nome': 'lucas'}.
Mudanças finalizaram em 2019-05-07 16:59:50.980872.

Mudanças iniciaram em 2019-05-07 16:59:54.355262.
Valor original: None.
Valor final: {'id': 28, 'nome': 'lucas'}.
Mudanças finalizaram em 2019-05-07 16:59:54.455687.

Mudanças iniciaram em 2019-05-07 16:59:56.524226.
Valor original: {'id': 28, 'nome': 'lucas'}.
Valor final: {'id': 28, 'nome': 'lucas'}.
Mudanças finalizaram em 2019-05-07 16:59:56.609346.

Mudanças iniciaram em 2019-05-07 17:00:04.265340.
Valor original: None.
Valor final: {'id': 7, 'nome': 'bond'}.
Mudanças finalizaram em 2019-05-07 17:00:04.359087.

Mudanças iniciaram em 2019-05-07 17:00:08.696486.
Valor original: None.
Valor final: {'id': 7, 'nome': 'maximus'}.
Mudanças finalizaram em 2019-05-07 17:00:08.802127.

Mudanças iniciaram em 2019-05-07 17:00:37.367375.
Valor original: None.
Valor final: {'id': 1, 'nome': 'fernando'}.
Mudanças finalizaram em 2019-05-07 17:00:37.578155.

Mudanças iniciaram em 2019-05-07 17:00:38.627780.
Valor original: None.
Valor final: {'id': 2, 'nome': 'roberto'}.
Mudanças finalizaram em 2019-05-07 17:00:38.721554.

Mudanças iniciaram em 2019-05-07 17:00:40.844136.
Valor original: None.
Valor final: {'id': 20, 'nome': 'mario'}.
Mudanças finalizaram em 2019-05-07 17:00:40.945324.

Mudanças iniciaram em 2019-05-07 17:00:43.026712.
Valor original: None.
Valor final: {'id': 29, 'nome': 'cicero'}.
Mudanças finalizaram em 2019-05-07 17:00:43.129145.

Mudanças iniciaram em 2019-05-07 17:00:48.808652.
Valor original: None.
Valor final: {'id': 29, 'nome': 'cicero'}.
Mudanças finalizaram em 2019-05-07 17:00:48.915035.

Mudanças iniciaram em 2019-05-07 17:00:49.972949.
Valor original: None.
Valor final: {'id': 28, 'nome': 'lucas'}.
Mudanças finalizaram em 2019-05-07 17:00:50.135984.

Mudanças iniciaram em 2019-05-07 17:00:52.233613.
Valor original: {'id': 28, 'nome': 'lucas'}.
Valor final: {'id': 28, 'nome': 'lucas'}.
Mudanças finalizaram em 2019-05-07 17:00:52.330976.

Mudanças iniciaram em 2019-05-07 17:00:55.656111.
Valor original: None.
Valor final: {'id': 28, 'nome': 'lucas'}.
Mudanças finalizaram em 2019-05-07 17:00:55.796730.

Mudanças iniciaram em 2019-05-07 17:00:57.885083.
Valor original: {'id': 28, 'nome': 'lucas'}.
Valor final: {'id': 28, 'nome': 'lucas'}.
Mudanças finalizaram em 2019-05-07 17:00:57.956773.

Mudanças iniciaram em 2019-05-07 17:01:05.631361.
Valor original: None.
Valor final: {'id': 7, 'nome': 'bond'}.
Mudanças finalizaram em 2019-05-07 17:01:05.709484.

Mudanças iniciaram em 2019-05-07 17:01:10.030447.
Valor original: None.
Valor final: {'id': 7, 'nome': 'maximus'}.
Mudanças finalizaram em 2019-05-07 17:01:10.108567.

Mudanças iniciaram em 2019-05-07 17:01:14.478331.
Valor original: None.
Valor final: {'id': 1, 'nome': 'fernando'}.
Mudanças finalizaram em 2019-05-07 17:01:14.572073.

Mudanças iniciaram em 2019-05-07 17:01:15.612334.
Valor original: None.
Valor final: {'id': 2, 'nome': 'roberto'}.
Mudanças finalizaram em 2019-05-07 17:01:15.741443.

Mudanças iniciaram em 2019-05-07 17:01:18.859088.
Valor original: None.
Valor final: {'id': 1, 'nome': 'fernando'}.
Mudanças finalizaram em 2019-05-07 17:01:18.984099.

Mudanças iniciaram em 2019-05-07 17:01:20.045624.
Valor original: None.
Valor final: {'id': 2, 'nome': 'roberto'}.
Mudanças finalizaram em 2019-05-07 17:01:20.243155.

Mudanças iniciaram em 2019-05-07 17:01:22.335715.
Valor original: None.
Valor final: {'id': 20, 'nome': 'mario'}.
Mudanças finalizaram em 2019-05-07 17:01:22.437629.

Mudanças iniciaram em 2019-05-07 17:01:24.522290.
Valor original: None.
Valor final: {'id': 29, 'nome': 'cicero'}.
Mudanças finalizaram em 2019-05-07 17:01:24.631641.

Mudanças iniciaram em 2019-05-07 17:01:30.405281.
Valor original: None.
Valor final: {'id': 29, 'nome': 'cicero'}.
Mudanças finalizaram em 2019-05-07 17:01:30.499048.

Mudanças iniciaram em 2019-05-07 17:01:31.563874.
Valor original: None.
Valor final: {'id': 28, 'nome': 'lucas'}.
Mudanças finalizaram em 2019-05-07 17:01:31.680586.

Mudanças iniciaram em 2019-05-07 17:20:54.190235.
Valor original: None.
Valor final: {'id': 1, 'nome': 'fernando'}.
Mudanças finalizaram em 2019-05-07 17:20:54.293457.

Mudanças iniciaram em 2019-05-07 17:20:55.381620.
Valor original: None.
Valor final: {'id': 2, 'nome': 'roberto'}.
Mudanças finalizaram em 2019-05-07 17:20:55.454368.

Mudanças iniciaram em 2019-05-07 17:20:57.567727.
Valor original: None.
Valor final: {'id': 20, 'nome': 'mario'}.
Mudanças finalizaram em 2019-05-07 17:20:57.677071.

Mudanças iniciaram em 2019-05-07 17:20:59.768862.
Valor original: None.
Valor final: {'id': 29, 'nome': 'cicero'}.
Mudanças finalizaram em 2019-05-07 17:20:59.987238.

Mudanças iniciaram em 2019-05-07 17:21:05.605616.
Valor original: None.
Valor final: {'id': 29, 'nome': 'cicero'}.
Mudanças finalizaram em 2019-05-07 17:21:05.699372.

Mudanças iniciaram em 2019-05-07 17:21:06.768575.
Valor original: None.
Valor final: {'id': 28, 'nome': 'lucas'}.
Mudanças finalizaram em 2019-05-07 17:21:06.884001.

Mudanças iniciaram em 2019-05-07 17:21:08.968602.
Valor original: {'id': 28, 'nome': 'lucas'}.
Valor final: {'id': 28, 'nome': 'lucas'}.
Mudanças finalizaram em 2019-05-07 17:21:09.069919.

Mudanças iniciaram em 2019-05-07 17:21:12.390658.
Valor original: None.
Valor final: {'id': 28, 'nome': 'lucas'}.
Mudanças finalizaram em 2019-05-07 17:21:12.469985.

Mudanças iniciaram em 2019-05-07 17:21:14.579783.
Valor original: {'id': 28, 'nome': 'lucas'}.
Valor final: {'id': 28, 'nome': 'lucas'}.
Mudanças finalizaram em 2019-05-07 17:21:14.669593.

Mudanças iniciaram em 2019-05-07 17:21:22.541004.
Valor original: None.
Valor final: {'id': 7, 'nome': 'bond'}.
Mudanças finalizaram em 2019-05-07 17:21:22.657894.

Mudanças iniciaram em 2019-05-07 17:21:27.030017.
Valor original: None.
Valor final: {'id': 7, 'nome': 'maximus'}.
Mudanças finalizaram em 2019-05-07 17:21:27.155010.

Mudanças iniciaram em 2019-05-07 17:21:31.454345.
Valor original: None.
Valor final: {'id': 1, 'nome': 'fernando'}.
Mudanças finalizaram em 2019-05-07 17:21:31.563727.

Mudanças iniciaram em 2019-05-07 17:21:32.605142.
Valor original: None.
Valor final: {'id': 2, 'nome': 'roberto'}.
Mudanças finalizaram em 2019-05-07 17:21:32.672152.

Mudanças iniciaram em 2019-05-07 17:21:35.779082.
Valor original: None.
Valor final: {'id': 1, 'nome': 'fernando'}.
Mudanças finalizaram em 2019-05-07 17:21:35.888150.

Mudanças iniciaram em 2019-05-07 17:21:36.949990.
Valor original: None.
Valor final: {'id': 2, 'nome': 'roberto'}.
Mudanças finalizaram em 2019-05-07 17:21:37.066210.

Mudanças iniciaram em 2019-05-07 17:21:39.139726.
Valor original: None.
Valor final: {'id': 20, 'nome': 'mario'}.
Mudanças finalizaram em 2019-05-07 17:21:39.239934.

Mudanças iniciaram em 2019-05-07 17:21:41.336234.
Valor original: None.
Valor final: {'id': 29, 'nome': 'cicero'}.
Mudanças finalizaram em 2019-05-07 17:21:41.450397.

Mudanças iniciaram em 2019-05-07 17:21:47.022317.
Valor original: None.
Valor final: {'id': 29, 'nome': 'cicero'}.
Mudanças finalizaram em 2019-05-07 17:21:47.116062.

Mudanças iniciaram em 2019-05-07 17:21:48.170365.
Valor original: None.
Valor final: {'id': 28, 'nome': 'lucas'}.
Mudanças finalizaram em 2019-05-07 17:21:48.283590.

Mudanças iniciaram em 2019-05-07 17:21:50.343570.
Valor original: {'id': 28, 'nome': 'lucas'}.
Valor final: None.
Mudanças finalizaram em 2019-05-07 17:21:50.452210.

Mudanças iniciaram em 2019-05-07 17:21:53.751267.
Valor original: None.
Valor final: {'id': 28, 'nome': 'lucas'}.
Mudanças finalizaram em 2019-05-07 17:21:53.831789.

Mudanças iniciaram em 2019-05-07 17:21:55.888630.
Valor original: {'id': 28, 'nome': 'lucas'}.
Valor final: {'id': 28, 'nome': 'lucas'}.
Mudanças finalizaram em 2019-05-07 17:21:56.020394.

Mudanças iniciaram em 2019-05-07 17:22:03.723120.
Valor original: None.
Valor final: {'id': 7, 'nome': 'bond'}.
Mudanças finalizaram em 2019-05-07 17:22:03.823633.

Mudanças iniciaram em 2019-05-07 17:22:08.232772.
Valor original: None.
Valor final: {'id': 7, 'nome': 'maximus'}.
Mudanças finalizaram em 2019-05-07 17:22:08.342370.

Mudanças iniciaram em 2019-05-07 17:22:11.667127.
Valor original: None.
Valor final: {'id': 1, 'nome': 'fernando'}.
Mudanças finalizaram em 2019-05-07 17:22:11.793268.

Mudanças iniciaram em 2019-05-07 17:22:12.844743.
Valor original: None.
Valor final: {'id': 2, 'nome': 'roberto'}.
Mudanças finalizaram em 2019-05-07 17:22:12.954121.

Mudanças iniciaram em 2019-05-07 17:22:19.631633.
Valor original: None.
Valor final: {'id': 1, 'nome': 'fernando'}.
Mudanças finalizaram em 2019-05-07 17:22:19.739816.

Mudanças iniciaram em 2019-05-07 17:22:20.759138.
Valor original: None.
Valor final: {'id': 2, 'nome': 'roberto'}.
Mudanças finalizaram em 2019-05-07 17:22:20.853061.

Mudanças iniciaram em 2019-05-07 17:22:22.920633.
Valor original: None.
Valor final: {'carga_horaria': 15, 'coodernador': None, 'id': 100, 'nome': 'estruturas de dados', 'plano_ensino': 'dados', 'status': 12}.
Mudanças finalizaram em 2019-05-07 17:22:22.920633.

Mudanças iniciaram em 2019-05-07 17:22:23.967253.
Valor original: None.
Valor final: {'carga_horaria': 10, 'coodernador': None, 'id': 101, 'nome': 'distribuidos', 'plano_ensino': 'clientes e servidores', 'status': 12}.
Mudanças finalizaram em 2019-05-07 17:22:23.967253.

Mudanças iniciaram em 2019-05-07 17:22:26.071066.
Valor original: None.
Valor final: {'carga_horaria': 15, 'coodernador': None, 'id': 103, 'nome': 'matematica', 'plano_ensino': 'funcoes e calculo', 'status': 12}.
Mudanças finalizaram em 2019-05-07 17:22:26.071066.

Mudanças iniciaram em 2019-05-07 17:22:28.176384.
Valor original: None.
Valor final: {'carga_horaria': 15, 'coodernador': None, 'id': 104, 'nome': 'lp2', 'plano_ensino': 'dicionarios e classes', 'status': 12}.
Mudanças finalizaram em 2019-05-07 17:22:28.176384.

Mudanças iniciaram em 2019-05-07 17:22:33.760158.
Valor original: None.
Valor final: {'carga_horaria': 15, 'coodernador': None, 'id': 100, 'nome': 'estruturas de dados', 'plano_ensino': 'dados', 'status': 12}.
Mudanças finalizaram em 2019-05-07 17:22:33.762740.

Mudanças iniciaram em 2019-05-07 17:22:34.816148.
Valor original: None.
Valor final: {'carga_horaria': 10, 'coodernador': None, 'id': 101, 'nome': 'distribuidos', 'plano_ensino': 'clientes e servidores', 'status': 12}.
Mudanças finalizaram em 2019-05-07 17:22:34.820148.

Mudanças iniciaram em 2019-05-07 17:22:36.896540.
Valor original: {'carga_horaria': 15, 'coodernador': None, 'id': 100, 'nome': 'estruturas de dados', 'plano_ensino': 'dados', 'status': 12}.
Valor final: {'carga_horaria': 15, 'coodernador': None, 'id': 100, 'nome': 'estruturas de dados', 'plano_ensino': 'dados', 'status': 12}.
Mudanças finalizaram em 2019-05-07 17:22:36.898540.

Mudanças iniciaram em 2019-05-07 17:22:40.203895.
Valor original: None.
Valor final: {'carga_horaria': 15, 'coodernador': None, 'id': 100, 'nome': 'estruturas de dados', 'plano_ensino': 'dados', 'status': 12}.
Mudanças finalizaram em 2019-05-07 17:22:40.219518.

Mudanças iniciaram em 2019-05-07 17:22:42.328472.
Valor original: {'carga_horaria': 15, 'coodernador': None, 'id': 100, 'nome': 'estruturas de dados', 'plano_ensino': 'dados', 'status': 12}.
Valor final: {'carga_horaria': 15, 'coodernador': None, 'id': 100, 'nome': 'algoritmos', 'plano_ensino': 'dados', 'status': 12}.
Mudanças finalizaram em 2019-05-07 17:22:42.330570.

Mudanças iniciaram em 2019-05-07 17:22:50.023020.
Valor original: None.
Valor final: {'carga_horaria': 15, 'coodernador': None, 'id': 100, 'nome': 'estruturas de dados', 'plano_ensino': 'dados', 'status': 12}.
Mudanças finalizaram em 2019-05-07 17:22:50.027012.

Mudanças iniciaram em 2019-05-07 17:22:53.341233.
Valor original: None.
Valor final: {'carga_horaria': 15, 'coodernador': None, 'id': 100, 'nome': 'estruturas de dados', 'plano_ensino': 'dados', 'status': 12}.
Mudanças finalizaram em 2019-05-07 17:22:53.341233.
